{"C:\\Users\\Breno\\Documents\\workspace\\itech\\backend\\src\\app\\controllers\\admin\\admin.controller.js": {"path":"C:\\Users\\Breno\\Documents\\workspace\\itech\\backend\\src\\app\\controllers\\admin\\admin.controller.js","statementMap":{"0":{"start":{"line":1,"column":0},"end":{"line":1,"column":30}},"1":{"start":{"line":2,"column":0},"end":{"line":2,"column":0}},"2":{"start":{"line":3,"column":0},"end":{"line":3,"column":53}},"3":{"start":{"line":4,"column":0},"end":{"line":4,"column":45}},"4":{"start":{"line":5,"column":0},"end":{"line":5,"column":0}},"5":{"start":{"line":6,"column":0},"end":{"line":6,"column":16}},"6":{"start":{"line":7,"column":0},"end":{"line":7,"column":25}},"7":{"start":{"line":8,"column":0},"end":{"line":8,"column":9}},"8":{"start":{"line":9,"column":0},"end":{"line":9,"column":50}},"9":{"start":{"line":10,"column":0},"end":{"line":10,"column":46}},"10":{"start":{"line":11,"column":0},"end":{"line":11,"column":19}},"11":{"start":{"line":12,"column":0},"end":{"line":12,"column":50}},"12":{"start":{"line":13,"column":0},"end":{"line":13,"column":5}},"13":{"start":{"line":14,"column":0},"end":{"line":14,"column":4}},"14":{"start":{"line":15,"column":0},"end":{"line":15,"column":0}},"15":{"start":{"line":16,"column":0},"end":{"line":16,"column":28}},"16":{"start":{"line":17,"column":0},"end":{"line":17,"column":9}},"17":{"start":{"line":18,"column":0},"end":{"line":18,"column":49}},"18":{"start":{"line":19,"column":0},"end":{"line":19,"column":0}},"19":{"start":{"line":20,"column":0},"end":{"line":20,"column":55}},"20":{"start":{"line":21,"column":0},"end":{"line":21,"column":0}},"21":{"start":{"line":22,"column":0},"end":{"line":22,"column":21}},"22":{"start":{"line":23,"column":0},"end":{"line":23,"column":71}},"23":{"start":{"line":24,"column":0},"end":{"line":24,"column":7}},"24":{"start":{"line":25,"column":0},"end":{"line":25,"column":0}},"25":{"start":{"line":26,"column":0},"end":{"line":26,"column":59}},"26":{"start":{"line":27,"column":0},"end":{"line":27,"column":0}},"27":{"start":{"line":28,"column":0},"end":{"line":28,"column":37}},"28":{"start":{"line":29,"column":0},"end":{"line":29,"column":13}},"29":{"start":{"line":30,"column":0},"end":{"line":30,"column":14}},"30":{"start":{"line":31,"column":0},"end":{"line":31,"column":30}},"31":{"start":{"line":32,"column":0},"end":{"line":32,"column":16}},"32":{"start":{"line":33,"column":0},"end":{"line":33,"column":41}},"33":{"start":{"line":34,"column":0},"end":{"line":34,"column":19}},"34":{"start":{"line":35,"column":0},"end":{"line":35,"column":50}},"35":{"start":{"line":36,"column":0},"end":{"line":36,"column":5}},"36":{"start":{"line":37,"column":0},"end":{"line":37,"column":4}},"37":{"start":{"line":38,"column":0},"end":{"line":38,"column":0}},"38":{"start":{"line":39,"column":0},"end":{"line":39,"column":35}},"39":{"start":{"line":40,"column":0},"end":{"line":40,"column":9}},"40":{"start":{"line":41,"column":0},"end":{"line":41,"column":41}},"41":{"start":{"line":42,"column":0},"end":{"line":42,"column":28}},"42":{"start":{"line":43,"column":0},"end":{"line":43,"column":0}},"43":{"start":{"line":44,"column":0},"end":{"line":44,"column":66}},"44":{"start":{"line":45,"column":0},"end":{"line":45,"column":0}},"45":{"start":{"line":46,"column":0},"end":{"line":46,"column":26}},"46":{"start":{"line":47,"column":0},"end":{"line":47,"column":75}},"47":{"start":{"line":48,"column":0},"end":{"line":48,"column":7}},"48":{"start":{"line":49,"column":0},"end":{"line":49,"column":0}},"49":{"start":{"line":50,"column":0},"end":{"line":50,"column":78}},"50":{"start":{"line":51,"column":0},"end":{"line":51,"column":0}},"51":{"start":{"line":52,"column":0},"end":{"line":52,"column":42}},"52":{"start":{"line":53,"column":0},"end":{"line":53,"column":19}},"53":{"start":{"line":54,"column":0},"end":{"line":54,"column":50}},"54":{"start":{"line":55,"column":0},"end":{"line":55,"column":5}},"55":{"start":{"line":56,"column":0},"end":{"line":56,"column":4}},"56":{"start":{"line":57,"column":0},"end":{"line":57,"column":0}},"57":{"start":{"line":58,"column":0},"end":{"line":58,"column":35}},"58":{"start":{"line":59,"column":0},"end":{"line":59,"column":9}},"59":{"start":{"line":60,"column":0},"end":{"line":60,"column":41}},"60":{"start":{"line":61,"column":0},"end":{"line":61,"column":0}},"61":{"start":{"line":62,"column":0},"end":{"line":62,"column":66}},"62":{"start":{"line":63,"column":0},"end":{"line":63,"column":0}},"63":{"start":{"line":64,"column":0},"end":{"line":64,"column":26}},"64":{"start":{"line":65,"column":0},"end":{"line":65,"column":75}},"65":{"start":{"line":66,"column":0},"end":{"line":66,"column":7}},"66":{"start":{"line":67,"column":0},"end":{"line":67,"column":0}},"67":{"start":{"line":68,"column":0},"end":{"line":68,"column":53}},"68":{"start":{"line":69,"column":0},"end":{"line":69,"column":0}},"69":{"start":{"line":70,"column":0},"end":{"line":70,"column":39}},"70":{"start":{"line":71,"column":0},"end":{"line":71,"column":19}},"71":{"start":{"line":72,"column":0},"end":{"line":72,"column":50}},"72":{"start":{"line":73,"column":0},"end":{"line":73,"column":5}},"73":{"start":{"line":74,"column":0},"end":{"line":74,"column":3}},"74":{"start":{"line":75,"column":0},"end":{"line":75,"column":1}}},"s":{"0":2,"1":2,"2":2,"3":6,"4":6,"5":6,"6":2,"7":2,"8":2,"9":2,"10":2,"11":2,"12":2,"13":2,"14":2,"15":2,"16":2,"17":2,"18":2,"19":2,"20":2,"21":2,"22":1,"23":1,"24":1,"25":1,"26":0,"27":0,"28":0,"29":0,"30":2,"31":2,"32":2,"33":2,"34":2,"35":2,"36":2,"37":2,"38":2,"39":1,"40":1,"41":1,"42":1,"43":1,"44":1,"45":1,"46":1,"47":1,"48":1,"49":2,"50":0,"51":0,"52":2,"53":2,"54":2,"55":2,"56":2,"57":2,"58":2,"59":2,"60":2,"61":2,"62":1,"63":1,"64":1,"65":1,"66":1,"67":1,"68":1,"69":1,"70":1,"71":0,"72":0,"73":0,"74":0},"branchMap":{"0":{"type":"branch","line":1,"loc":{"start":{"line":1,"column":0},"end":{"line":75,"column":1}},"locations":[{"start":{"line":1,"column":0},"end":{"line":75,"column":1}}]},"1":{"type":"branch","line":3,"loc":{"start":{"line":3,"column":42},"end":{"line":7,"column":19}},"locations":[{"start":{"line":3,"column":42},"end":{"line":7,"column":19}}]},"2":{"type":"branch","line":6,"loc":{"start":{"line":6,"column":9},"end":{"line":6,"column":14}},"locations":[{"start":{"line":6,"column":9},"end":{"line":6,"column":14}}]},"3":{"type":"branch","line":6,"loc":{"start":{"line":6,"column":15},"end":{"line":7,"column":16}},"locations":[{"start":{"line":6,"column":15},"end":{"line":7,"column":16}}]},"4":{"type":"branch","line":22,"loc":{"start":{"line":22,"column":7},"end":{"line":31,"column":3}},"locations":[{"start":{"line":22,"column":7},"end":{"line":31,"column":3}}]},"5":{"type":"branch","line":26,"loc":{"start":{"line":26,"column":56},"end":{"line":31,"column":2}},"locations":[{"start":{"line":26,"column":56},"end":{"line":31,"column":2}}]},"6":{"type":"branch","line":31,"loc":{"start":{"line":31,"column":8},"end":{"line":53,"column":7}},"locations":[{"start":{"line":31,"column":8},"end":{"line":53,"column":7}}]},"7":{"type":"branch","line":39,"loc":{"start":{"line":39,"column":15},"end":{"line":50,"column":55}},"locations":[{"start":{"line":39,"column":15},"end":{"line":50,"column":55}}]},"8":{"type":"branch","line":50,"loc":{"start":{"line":50,"column":55},"end":{"line":53,"column":6}},"locations":[{"start":{"line":50,"column":55},"end":{"line":53,"column":6}}]},"9":{"type":"branch","line":53,"loc":{"start":{"line":53,"column":12},"end":{"line":75,"column":1}},"locations":[{"start":{"line":53,"column":12},"end":{"line":75,"column":1}}]},"10":{"type":"branch","line":62,"loc":{"start":{"line":62,"column":64},"end":{"line":71,"column":19}},"locations":[{"start":{"line":62,"column":64},"end":{"line":71,"column":19}}]},"11":{"type":"branch","line":71,"loc":{"start":{"line":71,"column":19},"end":{"line":75,"column":1}},"locations":[{"start":{"line":71,"column":19},"end":{"line":75,"column":1}}]}},"b":{"0":[2],"1":[6],"2":[4],"3":[2],"4":[1],"5":[0],"6":[2],"7":[1],"8":[0],"9":[2],"10":[1],"11":[0]},"fnMap":{"0":{"name":"_interopRequireDefault","decl":{"start":{"line":3,"column":42},"end":{"line":7,"column":19}},"loc":{"start":{"line":3,"column":42},"end":{"line":7,"column":19}},"line":3},"1":{"name":"list","decl":{"start":{"line":22,"column":7},"end":{"line":31,"column":3}},"loc":{"start":{"line":22,"column":7},"end":{"line":31,"column":3}},"line":22},"2":{"name":"register","decl":{"start":{"line":31,"column":8},"end":{"line":53,"column":7}},"loc":{"start":{"line":31,"column":8},"end":{"line":53,"column":7}},"line":31},"3":{"name":"updateCandidate","decl":{"start":{"line":53,"column":12},"end":{"line":75,"column":1}},"loc":{"start":{"line":53,"column":12},"end":{"line":75,"column":1}},"line":53}},"f":{"0":6,"1":1,"2":2,"3":2}}
,"C:\\Users\\Breno\\Documents\\workspace\\itech\\backend\\src\\app\\controllers\\admin\\session\\session.controller.js": {"path":"C:\\Users\\Breno\\Documents\\workspace\\itech\\backend\\src\\app\\controllers\\admin\\session\\session.controller.js","statementMap":{"0":{"start":{"line":1,"column":0},"end":{"line":1,"column":48}},"1":{"start":{"line":2,"column":0},"end":{"line":2,"column":0}},"2":{"start":{"line":3,"column":0},"end":{"line":3,"column":30}},"3":{"start":{"line":4,"column":0},"end":{"line":4,"column":31}},"4":{"start":{"line":5,"column":0},"end":{"line":5,"column":0}},"5":{"start":{"line":6,"column":0},"end":{"line":6,"column":16}},"6":{"start":{"line":7,"column":0},"end":{"line":7,"column":25}},"7":{"start":{"line":8,"column":0},"end":{"line":8,"column":9}},"8":{"start":{"line":9,"column":0},"end":{"line":9,"column":43}},"9":{"start":{"line":10,"column":0},"end":{"line":10,"column":0}},"10":{"start":{"line":11,"column":0},"end":{"line":11,"column":53}},"11":{"start":{"line":12,"column":0},"end":{"line":12,"column":0}},"12":{"start":{"line":13,"column":0},"end":{"line":13,"column":21}},"13":{"start":{"line":14,"column":0},"end":{"line":14,"column":66}},"14":{"start":{"line":15,"column":0},"end":{"line":15,"column":7}},"15":{"start":{"line":16,"column":0},"end":{"line":16,"column":0}},"16":{"start":{"line":17,"column":0},"end":{"line":17,"column":76}},"17":{"start":{"line":18,"column":0},"end":{"line":18,"column":0}},"18":{"start":{"line":19,"column":0},"end":{"line":19,"column":24}},"19":{"start":{"line":20,"column":0},"end":{"line":20,"column":66}},"20":{"start":{"line":21,"column":0},"end":{"line":21,"column":7}},"21":{"start":{"line":22,"column":0},"end":{"line":22,"column":0}},"22":{"start":{"line":23,"column":0},"end":{"line":23,"column":36}},"23":{"start":{"line":24,"column":0},"end":{"line":24,"column":0}},"24":{"start":{"line":25,"column":0},"end":{"line":25,"column":35}},"25":{"start":{"line":26,"column":0},"end":{"line":26,"column":15}},"26":{"start":{"line":27,"column":0},"end":{"line":27,"column":13}},"27":{"start":{"line":28,"column":0},"end":{"line":28,"column":16}},"28":{"start":{"line":29,"column":0},"end":{"line":29,"column":15}},"29":{"start":{"line":30,"column":0},"end":{"line":30,"column":10}},"30":{"start":{"line":31,"column":0},"end":{"line":31,"column":53}},"31":{"start":{"line":32,"column":0},"end":{"line":32,"column":43}},"32":{"start":{"line":33,"column":0},"end":{"line":33,"column":10}},"33":{"start":{"line":34,"column":0},"end":{"line":34,"column":9}},"34":{"start":{"line":35,"column":0},"end":{"line":35,"column":19}},"35":{"start":{"line":36,"column":0},"end":{"line":36,"column":50}},"36":{"start":{"line":37,"column":0},"end":{"line":37,"column":5}},"37":{"start":{"line":38,"column":0},"end":{"line":38,"column":3}},"38":{"start":{"line":39,"column":0},"end":{"line":39,"column":1}}},"s":{"0":2,"1":2,"2":2,"3":6,"4":6,"5":6,"6":6,"7":4,"8":2,"9":2,"10":2,"11":2,"12":2,"13":2,"14":2,"15":2,"16":2,"17":2,"18":2,"19":2,"20":0,"21":0,"22":0,"23":0,"24":0,"25":0,"26":0,"27":0,"28":0,"29":0,"30":0,"31":0,"32":0,"33":0,"34":0,"35":0,"36":0,"37":0,"38":0},"branchMap":{"0":{"type":"branch","line":1,"loc":{"start":{"line":1,"column":0},"end":{"line":39,"column":1}},"locations":[{"start":{"line":1,"column":0},"end":{"line":39,"column":1}}]},"1":{"type":"branch","line":3,"loc":{"start":{"line":3,"column":24},"end":{"line":9,"column":2}},"locations":[{"start":{"line":3,"column":24},"end":{"line":9,"column":2}}]},"2":{"type":"branch","line":7,"loc":{"start":{"line":7,"column":11},"end":{"line":7,"column":16}},"locations":[{"start":{"line":7,"column":11},"end":{"line":7,"column":16}}]},"3":{"type":"branch","line":7,"loc":{"start":{"line":7,"column":17},"end":{"line":8,"column":9}},"locations":[{"start":{"line":7,"column":17},"end":{"line":8,"column":9}}]}},"b":{"0":[2],"1":[6],"2":[2],"3":[4]},"fnMap":{"0":{"name":"_interopRequireDefault","decl":{"start":{"line":3,"column":24},"end":{"line":9,"column":2}},"loc":{"start":{"line":3,"column":24},"end":{"line":9,"column":2}},"line":3},"1":{"name":"login","decl":{"start":{"line":20,"column":34},"end":{"line":39,"column":1}},"loc":{"start":{"line":20,"column":34},"end":{"line":39,"column":1}},"line":20}},"f":{"0":6,"1":0}}
,"C:\\Users\\Breno\\Documents\\workspace\\itech\\backend\\src\\app\\controllers\\candidate\\candidate.controller.js": {"path":"C:\\Users\\Breno\\Documents\\workspace\\itech\\backend\\src\\app\\controllers\\candidate\\candidate.controller.js","statementMap":{"0":{"start":{"line":1,"column":0},"end":{"line":1,"column":53}},"1":{"start":{"line":2,"column":0},"end":{"line":2,"column":0}},"2":{"start":{"line":3,"column":0},"end":{"line":3,"column":16}},"3":{"start":{"line":4,"column":0},"end":{"line":4,"column":28}},"4":{"start":{"line":5,"column":0},"end":{"line":5,"column":9}},"5":{"start":{"line":6,"column":0},"end":{"line":6,"column":79}},"6":{"start":{"line":7,"column":0},"end":{"line":7,"column":0}},"7":{"start":{"line":8,"column":0},"end":{"line":8,"column":25}},"8":{"start":{"line":9,"column":0},"end":{"line":9,"column":71}},"9":{"start":{"line":10,"column":0},"end":{"line":10,"column":7}},"10":{"start":{"line":11,"column":0},"end":{"line":11,"column":0}},"11":{"start":{"line":12,"column":0},"end":{"line":12,"column":61}},"12":{"start":{"line":13,"column":0},"end":{"line":13,"column":0}},"13":{"start":{"line":14,"column":0},"end":{"line":14,"column":45}},"14":{"start":{"line":15,"column":0},"end":{"line":15,"column":19}},"15":{"start":{"line":16,"column":0},"end":{"line":16,"column":50}},"16":{"start":{"line":17,"column":0},"end":{"line":17,"column":5}},"17":{"start":{"line":18,"column":0},"end":{"line":18,"column":3}},"18":{"start":{"line":19,"column":0},"end":{"line":19,"column":1}}},"s":{"0":2,"1":2,"2":2,"3":2,"4":2,"5":2,"6":2,"7":2,"8":2,"9":2,"10":2,"11":2,"12":3,"13":3,"14":3,"15":3,"16":2,"17":2,"18":2},"branchMap":{"0":{"type":"branch","line":1,"loc":{"start":{"line":1,"column":0},"end":{"line":19,"column":1}},"locations":[{"start":{"line":1,"column":0},"end":{"line":19,"column":1}}]},"1":{"type":"branch","line":4,"loc":{"start":{"line":4,"column":2},"end":{"line":6,"column":58}},"locations":[{"start":{"line":4,"column":2},"end":{"line":6,"column":58}}]},"2":{"type":"branch","line":6,"loc":{"start":{"line":6,"column":37},"end":{"line":6,"column":55}},"locations":[{"start":{"line":6,"column":37},"end":{"line":6,"column":55}}]},"3":{"type":"branch","line":12,"loc":{"start":{"line":12,"column":21},"end":{"line":19,"column":1}},"locations":[{"start":{"line":12,"column":21},"end":{"line":19,"column":1}}]},"4":{"type":"branch","line":16,"loc":{"start":{"line":16,"column":49},"end":{"line":19,"column":1}},"locations":[{"start":{"line":16,"column":49},"end":{"line":19,"column":1}}]}},"b":{"0":[2],"1":[2],"2":[0],"3":[3],"4":[2]},"fnMap":{"0":{"name":"_interopRequireDefault","decl":{"start":{"line":4,"column":2},"end":{"line":6,"column":58}},"loc":{"start":{"line":4,"column":2},"end":{"line":6,"column":58}},"line":4},"1":{"name":"register","decl":{"start":{"line":12,"column":21},"end":{"line":19,"column":1}},"loc":{"start":{"line":12,"column":21},"end":{"line":19,"column":1}},"line":12}},"f":{"0":2,"1":3}}
}
