TN:
SF:src\app\controllers\admin\admin.controller.js
FN:3,_interopRequireDefault
FN:22,list
FN:31,register
FN:53,updateCandidate
FNF:4
FNH:4
FNDA:6,_interopRequireDefault
FNDA:1,list
FNDA:2,register
FNDA:2,updateCandidate
DA:1,2
DA:2,2
DA:3,2
DA:4,6
DA:5,6
DA:6,6
DA:7,2
DA:8,2
DA:9,2
DA:10,2
DA:11,2
DA:12,2
DA:13,2
DA:14,2
DA:15,2
DA:16,2
DA:17,2
DA:18,2
DA:19,2
DA:20,2
DA:21,2
DA:22,2
DA:23,1
DA:24,1
DA:25,1
DA:26,1
DA:27,0
DA:28,0
DA:29,0
DA:30,0
DA:31,2
DA:32,2
DA:33,2
DA:34,2
DA:35,2
DA:36,2
DA:37,2
DA:38,2
DA:39,2
DA:40,1
DA:41,1
DA:42,1
DA:43,1
DA:44,1
DA:45,1
DA:46,1
DA:47,1
DA:48,1
DA:49,1
DA:50,2
DA:51,0
DA:52,0
DA:53,2
DA:54,2
DA:55,2
DA:56,2
DA:57,2
DA:58,2
DA:59,2
DA:60,2
DA:61,2
DA:62,2
DA:63,1
DA:64,1
DA:65,1
DA:66,1
DA:67,1
DA:68,1
DA:69,1
DA:70,1
DA:71,1
DA:72,0
DA:73,0
DA:74,0
DA:75,0
LF:75
LH:65
BRDA:1,0,0,2
BRDA:3,1,0,6
BRDA:6,2,0,4
BRDA:6,3,0,2
BRDA:22,4,0,1
BRDA:26,5,0,0
BRDA:31,6,0,2
BRDA:39,7,0,1
BRDA:50,8,0,0
BRDA:53,9,0,2
BRDA:62,10,0,1
BRDA:71,11,0,0
BRF:12
BRH:9
end_of_record
TN:
SF:src\app\controllers\admin\session\session.controller.js
FN:3,_interopRequireDefault
FN:20,login
FNF:2
FNH:1
FNDA:6,_interopRequireDefault
FNDA:0,login
DA:1,2
DA:2,2
DA:3,2
DA:4,6
DA:5,6
DA:6,6
DA:7,6
DA:8,4
DA:9,2
DA:10,2
DA:11,2
DA:12,2
DA:13,2
DA:14,2
DA:15,2
DA:16,2
DA:17,2
DA:18,2
DA:19,2
DA:20,2
DA:21,0
DA:22,0
DA:23,0
DA:24,0
DA:25,0
DA:26,0
DA:27,0
DA:28,0
DA:29,0
DA:30,0
DA:31,0
DA:32,0
DA:33,0
DA:34,0
DA:35,0
DA:36,0
DA:37,0
DA:38,0
DA:39,0
LF:39
LH:20
BRDA:1,0,0,2
BRDA:3,1,0,6
BRDA:7,2,0,2
BRDA:7,3,0,4
BRF:4
BRH:4
end_of_record
TN:
SF:src\app\controllers\candidate\candidate.controller.js
FN:4,_interopRequireDefault
FN:12,register
FNF:2
FNH:2
FNDA:2,_interopRequireDefault
FNDA:3,register
DA:1,2
DA:2,2
DA:3,2
DA:4,2
DA:5,2
DA:6,2
DA:7,2
DA:8,2
DA:9,2
DA:10,2
DA:11,2
DA:12,2
DA:13,3
DA:14,3
DA:15,3
DA:16,3
DA:17,2
DA:18,2
DA:19,2
LF:19
LH:19
BRDA:1,0,0,2
BRDA:4,1,0,2
BRDA:6,2,0,0
BRDA:12,3,0,3
BRDA:16,4,0,2
BRF:5
BRH:4
end_of_record
